<?xml version="1.0" encoding="UTF-8"?>
<!-- Generated by org.testng.reporters.JUnitXMLReporter -->
<testsuite hostname="Dafnee" ignored="2" name="Test1" tests="2" failures="0" timestamp="2021-06-29T14:36:55 IST" time="73.123" errors="0">
  <testcase name="testCase" time="22.501" classname="testcases.PLP_TC_01"/>
  <testcase name="testCase" time="19.393" classname="testcases.PLP_TC_02"/>
  <testcase name="@BeforeSuite initializeReport" time="0.0" classname="common.LennoxProsMethods">
    <ignored/>
  </testcase> <!-- @BeforeSuite initializeReport -->
  <testcase name="@AfterSuite afterSuite" time="0.0" classname="common.LennoxProsMethods">
    <ignored/>
  </testcase> <!-- @AfterSuite afterSuite -->
</testsuite> <!-- Test1 -->
