<?xml version="1.0" encoding="UTF-8"?>
<!-- Generated by org.testng.reporters.JUnitXMLReporter -->
<testsuite hostname="Dafnee" ignored="0" name="Test2" tests="1" failures="0" timestamp="2021-06-29T11:48:27 IST" time="0.135" errors="0">
  <testcase name="@BeforeTest setData" time="0.104" classname="testcases.PLP_TC_02">
    <failure type="java.lang.NullPointerException">
      <![CDATA[java.lang.NullPointerException
at utils.DataInputProvider.getCellData(DataInputProvider.java:79)
at testcases.PLP_TC_02.setData(PLP_TC_02.java:16)
... Removed 24 stack frames]]>
    </failure>
  </testcase> <!-- @BeforeTest setData -->
  <testcase name="@BeforeClass initializeTestModule" time="-1.624947507735E9" classname="common.LennoxProsMethods">
    <skipped/>
  </testcase> <!-- @BeforeClass initializeTestModule -->
  <testcase name="@BeforeMethod beforeMethod" time="-1.624947507735E9" classname="common.LennoxProsMethods">
    <skipped/>
  </testcase> <!-- @BeforeMethod beforeMethod -->
  <testcase name="@AfterMethod afterMethod" time="-1.62494750775E9" classname="common.LennoxProsMethods">
    <skipped/>
  </testcase> <!-- @AfterMethod afterMethod -->
  <testcase name="testCase" time="0.0" classname="testcases.PLP_TC_02">
    <skipped/>
  </testcase> <!-- testCase -->
</testsuite> <!-- Test2 -->
