<?xml version="1.0" encoding="UTF-8"?>
<!-- Generated by org.testng.reporters.JUnitXMLReporter -->
<testsuite hostname="Dafnee" ignored="2" name="Test" tests="2" failures="0" timestamp="2021-06-29T11:45:35 IST" time="1.318" errors="0">
  <testcase name="@BeforeTest setData" time="0.1" classname="testcases.PLP_TC_02">
    <failure type="java.lang.NullPointerException">
      <![CDATA[java.lang.NullPointerException
at utils.DataInputProvider.getCellData(DataInputProvider.java:79)
at testcases.PLP_TC_02.setData(PLP_TC_02.java:16)
... Removed 24 stack frames]]>
    </failure>
  </testcase> <!-- @BeforeTest setData -->
  <testcase name="@BeforeClass initializeTestModule" time="-1.624947335745E9" classname="common.LennoxProsMethods">
    <skipped/>
  </testcase> <!-- @BeforeClass initializeTestModule -->
  <testcase name="@BeforeMethod beforeMethod" time="-1.624947335777E9" classname="common.LennoxProsMethods">
    <skipped/>
  </testcase> <!-- @BeforeMethod beforeMethod -->
  <testcase name="@AfterMethod afterMethod" time="-1.624947335792E9" classname="common.LennoxProsMethods">
    <skipped/>
  </testcase> <!-- @AfterMethod afterMethod -->
  <testcase name="@BeforeClass initializeTestModule" time="-1.624947335792E9" classname="common.LennoxProsMethods">
    <skipped/>
  </testcase> <!-- @BeforeClass initializeTestModule -->
  <testcase name="@BeforeMethod beforeMethod" time="-1.624947335792E9" classname="common.LennoxProsMethods">
    <skipped/>
  </testcase> <!-- @BeforeMethod beforeMethod -->
  <testcase name="@AfterMethod afterMethod" time="-1.624947335808E9" classname="common.LennoxProsMethods">
    <skipped/>
  </testcase> <!-- @AfterMethod afterMethod -->
  <testcase name="testCase" time="0.0" classname="testcases.PLP_TC_01">
    <skipped/>
  </testcase> <!-- testCase -->
  <testcase name="testCase" time="0.0" classname="testcases.PLP_TC_02">
    <skipped/>
  </testcase> <!-- testCase -->
  <testcase name="@BeforeSuite initializeReport" time="0.0" classname="common.LennoxProsMethods">
    <ignored/>
  </testcase> <!-- @BeforeSuite initializeReport -->
  <testcase name="@AfterSuite afterSuite" time="0.0" classname="common.LennoxProsMethods">
    <ignored/>
  </testcase> <!-- @AfterSuite afterSuite -->
</testsuite> <!-- Test -->
